<?xml version="1.0" encoding="UTF-8"?>
<!-- Generated by org.testng.reporters.JUnitXMLReporter -->
<testsuite ignored="0" hostname="DESKTOP-32NV4I4" failures="0" tests="3" name="Default test" time="134.564" errors="0" timestamp="19 Sep 2022 11:46:22 GMT">
  <testcase classname="ecommerce.android.ECommerceShoppingApp_DataFromJsonFile" name="Order_Product_Test" time="31.069"/>
  <testcase classname="ecommerce.android.ECommerceShoppingApp_DataFromJsonFile" name="Order_Product_Test" time="52.359"/>
  <testcase classname="ecommerce.android.ECommerceShoppingApp_DataFromJsonFile" name="Order_Product_Test" time="26.706"/>
</testsuite> <!-- Default test -->
