<?xml version="1.0" encoding="UTF-8"?>
<testng-results ignored="0" total="3" passed="3" failed="0" skipped="0">
  <reporter-output>
  </reporter-output>
  <suite started-at="2022-09-19T11:44:08Z" name="Default suite" finished-at="2022-09-19T11:46:22Z" duration-ms="134564">
    <groups>
    </groups>
    <test started-at="2022-09-19T11:44:08Z" name="Default test" finished-at="2022-09-19T11:46:22Z" duration-ms="134564">
      <class name="ecommerce.android.ECommerceShoppingApp_DataFromJsonFile">
        <test-method is-config="true" signature="BeforeClass()[pri:0, instance:ecommerce.android.ECommerceShoppingApp_DataFromJsonFile@3246fb96]" started-at="2022-09-19T11:44:08Z" name="BeforeClass" finished-at="2022-09-19T11:44:22Z" duration-ms="14502" status="PASS">
          <reporter-output>
          </reporter-output>
        </test-method> <!-- BeforeClass -->
        <test-method is-config="true" signature="beforeMethod()[pri:0, instance:ecommerce.android.ECommerceShoppingApp_DataFromJsonFile@3246fb96]" started-at="2022-09-19T11:44:24Z" name="beforeMethod" finished-at="2022-09-19T11:44:27Z" duration-ms="3466" status="PASS">
          <reporter-output>
          </reporter-output>
        </test-method> <!-- beforeMethod -->
        <test-method signature="Order_Product_Test(java.util.HashMap)[pri:0, instance:ecommerce.android.ECommerceShoppingApp_DataFromJsonFile@3246fb96]" started-at="2022-09-19T11:44:27Z" name="Order_Product_Test" data-provider="getData" finished-at="2022-09-19T11:44:58Z" duration-ms="31069" status="PASS">
          <params>
            <param index="0">
              <value>
                <![CDATA[{name=Jodie, country=Canada, gender=female}]]>
              </value>
            </param>
          </params>
          <reporter-output>
          </reporter-output>
        </test-method> <!-- Order_Product_Test -->
        <test-method is-config="true" signature="beforeMethod()[pri:0, instance:ecommerce.android.ECommerceShoppingApp_DataFromJsonFile@3246fb96]" started-at="2022-09-19T11:44:58Z" name="beforeMethod" finished-at="2022-09-19T11:45:00Z" duration-ms="1726" status="PASS">
          <reporter-output>
          </reporter-output>
        </test-method> <!-- beforeMethod -->
        <test-method signature="Order_Product_Test(java.util.HashMap)[pri:0, instance:ecommerce.android.ECommerceShoppingApp_DataFromJsonFile@3246fb96]" started-at="2022-09-19T11:45:00Z" name="Order_Product_Test" data-provider="getData" finished-at="2022-09-19T11:45:52Z" duration-ms="52359" status="PASS">
          <params>
            <param index="0">
              <value>
                <![CDATA[{name=John, country=Italy, gender=male}]]>
              </value>
            </param>
          </params>
          <reporter-output>
          </reporter-output>
        </test-method> <!-- Order_Product_Test -->
        <test-method is-config="true" signature="beforeMethod()[pri:0, instance:ecommerce.android.ECommerceShoppingApp_DataFromJsonFile@3246fb96]" started-at="2022-09-19T11:45:52Z" name="beforeMethod" finished-at="2022-09-19T11:45:54Z" duration-ms="1905" status="PASS">
          <reporter-output>
          </reporter-output>
        </test-method> <!-- beforeMethod -->
        <test-method signature="Order_Product_Test(java.util.HashMap)[pri:0, instance:ecommerce.android.ECommerceShoppingApp_DataFromJsonFile@3246fb96]" started-at="2022-09-19T11:45:54Z" name="Order_Product_Test" data-provider="getData" finished-at="2022-09-19T11:46:21Z" duration-ms="26706" status="PASS">
          <params>
            <param index="0">
              <value>
                <![CDATA[{name=Messi, country=Brazil, gender=male}]]>
              </value>
            </param>
          </params>
          <reporter-output>
          </reporter-output>
        </test-method> <!-- Order_Product_Test -->
        <test-method is-config="true" signature="AfterClass()[pri:0, instance:ecommerce.android.ECommerceShoppingApp_DataFromJsonFile@3246fb96]" started-at="2022-09-19T11:46:21Z" name="AfterClass" finished-at="2022-09-19T11:46:22Z" duration-ms="1082" status="PASS">
          <reporter-output>
          </reporter-output>
        </test-method> <!-- AfterClass -->
      </class> <!-- ecommerce.android.ECommerceShoppingApp_DataFromJsonFile -->
    </test> <!-- Default test -->
  </suite> <!-- Default suite -->
</testng-results>
