<?xml version="1.0" encoding="UTF-8"?>
<testng-results ignored="0" total="1" passed="1" failed="0" skipped="0">
  <reporter-output>
  </reporter-output>
  <suite started-at="2022-09-18T14:18:04 ICT" name="Default suite" finished-at="2022-09-18T14:18:45 ICT" duration-ms="40941">
    <groups>
    </groups>
    <test started-at="2022-09-18T14:18:04 ICT" name="Default test" finished-at="2022-09-18T14:18:45 ICT" duration-ms="40941">
      <class name="ecommerce.android.ECommerceShopApp">
        <test-method signature="appiumTest()[pri:0, instance:ecommerce.android.ECommerceShopApp@793f29ff]" started-at="2022-09-18T14:18:04 ICT" name="appiumTest" finished-at="2022-09-18T14:18:45 ICT" duration-ms="40788" status="PASS">
          <reporter-output>
          </reporter-output>
        </test-method> <!-- appiumTest -->
      </class> <!-- ecommerce.android.ECommerceShopApp -->
    </test> <!-- Default test -->
  </suite> <!-- Default suite -->
</testng-results>
